build/app/outputs/mapping/release/mapping.txt
# compiler: R8
# compiler_version: 1.6.82
# min_api: 16
# pg_map_id: b9dc2aa
# common_typos_disable
...
io.flutter.plugins.imagepicker.ImagePickerPlugin$LifeCycleObserver -> io.flutter.plugins.imagepicker.ImagePickerPlugin$LifeCycleObserver:
    io.flutter.plugins.imagepicker.ImagePickerPlugin this$0 -> b
    android.app.Activity thisActivity -> a
io.flutter.util.PathUtils -> b.a.c.a:
    java.lang.String getCacheDirectory(android.content.Context) -> a
    java.lang.String getDataDirectory(android.content.Context) -> b
    java.lang.String getFilesDir(android.content.Context) -> c
io.flutter.view.AccessibilityBridge$Action -> io.flutter.view.a:
    io.flutter.view.AccessibilityBridge$Action MOVE_CURSOR_BACKWARD_BY_WORD -> v
    io.flutter.view.AccessibilityBridge$Action MOVE_CURSOR_FORWARD_BY_WORD -> u
    io.flutter.view.AccessibilityBridge$Action DISMISS -> t
    io.flutter.view.AccessibilityBridge$Action CUSTOM_ACTION -> s
    io.flutter.view.AccessibilityBridge$Action TAP -> b
    int value -> a
    io.flutter.view.AccessibilityBridge$Action SCROLL_UP -> f
    io.flutter.view.AccessibilityBridge$Action SCROLL_RIGHT -> e
    io.flutter.view.AccessibilityBridge$Action SCROLL_LEFT -> d
    io.flutter.view.AccessibilityBridge$Action LONG_PRESS -> c
    io.flutter.view.AccessibilityBridge$Action SHOW_ON_SCREEN -> j
    io.flutter.view.AccessibilityBridge$Action DECREASE -> i
    io.flutter.view.AccessibilityBridge$Action INCREASE -> h
    io.flutter.view.AccessibilityBridge$Action SCROLL_DOWN -> g
    io.flutter.view.AccessibilityBridge$Action COPY -> n
    io.flutter.view.AccessibilityBridge$Action SET_SELECTION -> m
    io.flutter.view.AccessibilityBridge$Action MOVE_CURSOR_BACKWARD_BY_CHARACTER -> l
    io.flutter.view.AccessibilityBridge$Action MOVE_CURSOR_FORWARD_BY_CHARACTER -> k
    io.flutter.view.AccessibilityBridge$Action DID_LOSE_ACCESSIBILITY_FOCUS -> r
    io.flutter.view.AccessibilityBridge$Action DID_GAIN_ACCESSIBILITY_FOCUS -> q
    io.flutter.view.AccessibilityBridge$Action PASTE -> p
io.flutter.view.AccessibilityViewEmbedder$1 -> io.flutter.view.AccessibilityViewEmbedder$a:
io.flutter.view.AccessibilityViewEmbedder$ReflectionAccessors -> io.flutter.view.AccessibilityViewEmbedder$b:
    java.lang.reflect.Method getRecordSourceNodeId -> c
    java.lang.reflect.Method getChildId -> d
    java.lang.reflect.Field childNodeIdsField -> e
    java.lang.reflect.Method longArrayGetIndex -> f
    java.lang.reflect.Method getSourceNodeId -> a
    java.lang.reflect.Method getParentNodeId -> b
    java.lang.Long access$100(io.flutter.view.AccessibilityViewEmbedder$ReflectionAccessors,android.view.accessibility.AccessibilityNodeInfo) -> a
    int access$200(long) -> a
    java.lang.Long access$500(io.flutter.view.AccessibilityViewEmbedder$ReflectionAccessors,android.view.accessibility.AccessibilityNodeInfo,int) -> a
    java.lang.Long access$600(io.flutter.view.AccessibilityViewEmbedder$ReflectionAccessors,android.view.accessibility.AccessibilityRecord) -> a
    java.lang.Long getChildId(android.view.accessibility.AccessibilityNodeInfo,int) -> a
    java.lang.Long getParentNodeId(android.view.accessibility.AccessibilityNodeInfo) -> a
    java.lang.Long getRecordSourceNodeId(android.view.accessibility.AccessibilityRecord) -> a
    boolean isBitSet(long,int) -> a
    java.lang.Long access$300(io.flutter.view.AccessibilityViewEmbedder$ReflectionAccessors,android.view.accessibility.AccessibilityNodeInfo) -> b
    java.lang.Long getSourceNodeId(android.view.accessibility.AccessibilityNodeInfo) -> b
    int getVirtualNodeId(long) -> b
io.flutter.view.AccessibilityViewEmbedder$ViewAndId -> io.flutter.view.AccessibilityViewEmbedder$c:
    android.view.View view -> a
    int id -> b
io.flutter.view.FlutterMain -> io.flutter.view.b:
    boolean isRunningInRobolectricTest -> a
    void startInitialization(android.content.Context) -> a