build/app/outputs/mapping/release/usage.txt
br.net.accio.ett_app.R$layout
br.net.accio.ett_app.R$style
br.net.accio.ett_app.R$attr
br.net.accio.ett_app.R$styleable
br.net.accio.ett_app.R$mipmap
br.net.accio.ett_app.R$dimen
br.net.accio.ett_app.R$drawable
br.net.accio.ett_app.R
br.net.accio.ett_app.R$integer
br.net.accio.ett_app.R$color
br.net.accio.ett_app.R$string
br.net.accio.ett_app.BuildConfig
br.net.accio.ett_app.R$xml
br.net.accio.ett_app.R$id
...
androidx.fragment.app.FragmentTransition$1
androidx.lifecycle.ReportFragment$ActivityInitializationListener
io.flutter.embedding.engine.systemchannels.NavigationChannel
androidx.core.app.ActivityCompat$1
androidx.core.app.NotificationCompat$Action$Builder
io.flutter.view.FlutterMain$Settings
io.flutter.embedding.android.FlutterView
io.flutter.embedding.engine.FlutterEnginePluginRegistry$DefaultFlutterAssets
androidx.core.widget.TintableCompoundDrawablesView
androidx.core.text.BidiFormatter$Builder
io.flutter.plugins.pathprovider.BuildConfig
androidx.viewpager.widget.ViewPager$SavedState$1
androidx.core.os.UserManagerCompat
androidx.core.util.AtomicFile
androidx.lifecycle.LiveData
androidx.annotation.CallSuper
io.flutter.embedding.android.FlutterFragmentActivity$CachedEngineIntentBuilder
androidx.loader.R$layout
androidx.core.view.ViewPropertyAnimatorCompat$1
io.flutter.plugin.common.BasicMessageChannel
androidx.core.telephony.mbms.MbmsHelper
io.flutter.embedding.engine.loader.ResourceExtractor$1
io.flutter.plugins.imagepicker.ImagePickerDelegate$IntentResolver
androidx.multidex.MultiDex$V14$JBMR11ElementConstructor
androidx.fragment.app.FragmentManagerImpl$FragmentLifecycleCallbacksHolder
androidx.fragment.app.FragmentTransition$FragmentContainerTransition
androidx.lifecycle.LiveData$ObserverWrapper:
    void <init>(androidx.lifecycle.LiveData,androidx.lifecycle.Observer)
    abstract boolean shouldBeActive()
    boolean isAttachedTo(androidx.lifecycle.LifecycleOwner)
    void detachObserver()
    void activeStateChanged(boolean)
    final androidx.lifecycle.Observer mObserver
    boolean mActive
    int mLastVersion
    final synthetic androidx.lifecycle.LiveData this$0
androidx.customview.widget.ExploreByTouchHelper$MyNodeProvider
androidx.core.app.ShareCompat$IntentBuilder
androidx.core.view.inputmethod.InputContentInfoCompat$InputContentInfoCompatApi25Impl
androidx.fragment.app.FragmentManagerNonConfig
androidx.viewpager.widget.ViewPager$OnPageChangeListener
androidx.loader.content.ModernAsyncTask$4
androidx.annotation.NonNull
io.flutter.embedding.engine.plugins.broadcastreceiver.BroadcastReceiverPluginBinding
androidx.viewpager.widget.ViewPager$PageTransformer
androidx.core.app.SharedElementCallback$OnSharedElementsReadyListener
androidx.core.view.MenuCompat
androidx.core.R$string
androidx.core.view.MenuItemCompat
androidx.core.view.accessibility.AccessibilityManagerCompat$TouchExplorationStateChangeListener
io.flutter.plugin.common.ActivityLifecycleListener
androidx.arch.core.executor.DefaultTaskExecutor$1
io.flutter.embedding.engine.systemchannels.AccessibilityChannel$AccessibilityMessageHandler
androidx.core.util.Pools$SimplePool
androidx.loader.content.Loader$OnLoadCompleteListener
androidx.core.text.TextDirectionHeuristicsCompat$TextDirectionHeuristicImpl
androidx.core.text.util.LinkifyCompat
androidx.lifecycle.livedata.core.R
androidx.core.view.GestureDetectorCompat$GestureDetectorCompatImplBase
io.flutter.view.FlutterView$SurfaceTextureRegistryEntry
androidx.savedstate.Recreator$SavedStateProvider
androidx.lifecycle.Transformations
io.flutter.plugins.imagepicker.R$dimen
androidx.collection.SparseArrayCompat
io.flutter.plugins.flutter_plugin_android_lifecycle.R$integer
androidx.customview.R$integer
androidx.core.widget.AutoSizeableTextView
io.flutter.embedding.android.FlutterTextureView$1
androidx.core.view.accessibility.AccessibilityViewCommand$SetProgressArguments
androidx.fragment.app.FragmentTransitionCompat21$2
androidx.core.view.accessibility.AccessibilityNodeInfoCompat$AccessibilityActionCompat
io.flutter.view.TextureRegistry
androidx.core.app.TaskStackBuilder
androidx.fragment.app.FragmentManager$FragmentLifecycleCallbacks
androidx.versionedparcelable.VersionedParcelStream
io.flutter.plugins.pathprovider.R$attr
androidx.core.content.pm.PermissionInfoCompat$Protection
io.flutter.embedding.engine.systemchannels.PlatformChannel$1
androidx.core.view.inputmethod.EditorInfoCompat